Determining if the pthread_create exist failed with the following output:
Change Dir: /home/bill/rbelab3/build/CMakeFiles/CMakeTmp

Run Build Command:/usr/bin/make "cmTryCompileExec1158779009/fast"
/usr/bin/make -f CMakeFiles/cmTryCompileExec1158779009.dir/build.make CMakeFiles/cmTryCompileExec1158779009.dir/build
make[1]: Entering directory `/home/bill/rbelab3/build/CMakeFiles/CMakeTmp'
/usr/bin/cmake -E cmake_progress_report /home/bill/rbelab3/build/CMakeFiles/CMakeTmp/CMakeFiles 1
Building C object CMakeFiles/cmTryCompileExec1158779009.dir/CheckSymbolExists.c.o
/usr/bin/cc    -o CMakeFiles/cmTryCompileExec1158779009.dir/CheckSymbolExists.c.o   -c /home/bill/rbelab3/build/CMakeFiles/CMakeTmp/CheckSymbolExists.c
Linking C executable cmTryCompileExec1158779009
/usr/bin/cmake -E cmake_link_script CMakeFiles/cmTryCompileExec1158779009.dir/link.txt --verbose=1
/usr/bin/cc       CMakeFiles/cmTryCompileExec1158779009.dir/CheckSymbolExists.c.o  -o cmTryCompileExec1158779009 -rdynamic 
CMakeFiles/cmTryCompileExec1158779009.dir/CheckSymbolExists.c.o: In function `main':
CheckSymbolExists.c:(.text+0x16): undefined reference to `pthread_create'
make[1]: Leaving directory `/home/bill/rbelab3/build/CMakeFiles/CMakeTmp'
collect2: error: ld returned 1 exit status
make[1]: *** [cmTryCompileExec1158779009] Error 1
make: *** [cmTryCompileExec1158779009/fast] Error 2

File /home/bill/rbelab3/build/CMakeFiles/CMakeTmp/CheckSymbolExists.c:
/* */
#include <pthread.h>

int main(int argc, char** argv)
{
  (void)argv;
#ifndef pthread_create
  return ((int*)(&pthread_create))[argc];
#else
  (void)argc;
  return 0;
#endif
}

Determining if the function pthread_create exists in the pthreads failed with the following output:
Change Dir: /home/bill/rbelab3/build/CMakeFiles/CMakeTmp

Run Build Command:/usr/bin/make "cmTryCompileExec512549062/fast"
/usr/bin/make -f CMakeFiles/cmTryCompileExec512549062.dir/build.make CMakeFiles/cmTryCompileExec512549062.dir/build
make[1]: Entering directory `/home/bill/rbelab3/build/CMakeFiles/CMakeTmp'
/usr/bin/cmake -E cmake_progress_report /home/bill/rbelab3/build/CMakeFiles/CMakeTmp/CMakeFiles 1
Building C object CMakeFiles/cmTryCompileExec512549062.dir/CheckFunctionExists.c.o
/usr/bin/cc   -DCHECK_FUNCTION_EXISTS=pthread_create   -o CMakeFiles/cmTryCompileExec512549062.dir/CheckFunctionExists.c.o   -c /usr/share/cmake-2.8/Modules/CheckFunctionExists.c
Linking C executable cmTryCompileExec512549062
/usr/bin/cmake -E cmake_link_script CMakeFiles/cmTryCompileExec512549062.dir/link.txt --verbose=1
/usr/bin/cc   -DCHECK_FUNCTION_EXISTS=pthread_create    CMakeFiles/cmTryCompileExec512549062.dir/CheckFunctionExists.c.o  -o cmTryCompileExec512549062 -rdynamic -lpthreads 
/usr/bin/ld: cannot find -lpthreads
make[1]: Leaving directory `/home/bill/rbelab3/build/CMakeFiles/CMakeTmp'
collect2: error: ld returned 1 exit status
make[1]: *** [cmTryCompileExec512549062] Error 1
make: *** [cmTryCompileExec512549062/fast] Error 2


